2020-09-16 14:46:59,320 NanoPlot 1.32.0 started with arguments Namespace(N50=False, alength=False, bam=None, barcoded=False, color='#4CB391', colormap='Greens', cram=None, downsample=None, dpi=100, drop_outliers=False, fasta=None, fastq=['MinION.fastq.gz'], fastq_minimal=None, fastq_rich=None, feather=None, font_scale=1, format='png', hide_stats=False, huge=False, listcolormaps=False, listcolors=False, loglength=False, maxlength=40000, minlength=None, minqual=None, no_N50=False, no_supplementary=False, outdir='fastq-plots', path='fastq-plots/', percentqual=False, pickle=None, plots=['hex', 'dot'], prefix='', raw=False, readtype='1D', runtime_until=None, store=False, summary=None, threads=8, title=None, tsv_stats=False, ubam=None, verbose=False)
2020-09-16 14:46:59,320 Python version is: 3.6.11 | packaged by conda-forge | (default, Aug  5 2020, 20:09:42)  [GCC 7.5.0]
2020-09-16 14:46:59,321 NanoPlot:  valid output format png
2020-09-16 14:46:59,332 Nanoget: Starting to collect statistics from plain fastq file.
2020-09-16 14:46:59,333 Nanoget: Decompressing gzipped fastq MinION.fastq.gz
2020-09-16 14:47:03,478 Reduced DataFrame memory usage from 0.093841552734375Mb to 0.05474090576171875Mb
2020-09-16 14:47:03,498 Nanoget: Gathered all metrics of 4100 reads
2020-09-16 14:47:03,527 Calculated statistics
2020-09-16 14:47:03,528 Using sequenced read lengths for plotting.
2020-09-16 14:47:03,534 Hidding 0 reads longer than 40000bp in length plots.
2020-09-16 14:47:03,538 NanoPlot:  Valid color #4CB391.
2020-09-16 14:47:03,539 NanoPlot:  Valid colormap Greens.
2020-09-16 14:47:03,541 NanoPlot:  Creating length plots for Read length.
2020-09-16 14:47:03,541 NanoPlot:  Using 4100 reads maximum of 21893bp.
2020-09-16 14:47:05,947 Nanoplotter: orca not found, not creating static image of html. See https://github.com/plotly/orca
2020-09-16 14:47:05,948 Image generation requires the psutil package.

Install using pip:
    $ pip install psutil

Install using conda:
    $ conda install psutil
Traceback (most recent call last):
  File "/mnt/bai/yongxin/miniconda2/envs/nanoplot/lib/python3.6/site-packages/nanoplotter/plot.py", line 60, in save_static
    pio.write_image(self.fig, self.path.replace('html', 'png'))
  File "/mnt/bai/yongxin/miniconda2/envs/nanoplot/lib/python3.6/site-packages/plotly/io/_kaleido.py", line 251, in write_image
    engine=engine,
  File "/mnt/bai/yongxin/miniconda2/envs/nanoplot/lib/python3.6/site-packages/plotly/io/_kaleido.py", line 108, in to_image
    validate=validate,
  File "/mnt/bai/yongxin/miniconda2/envs/nanoplot/lib/python3.6/site-packages/plotly/io/_orca.py", line 1535, in to_image
    ensure_server()
  File "/mnt/bai/yongxin/miniconda2/envs/nanoplot/lib/python3.6/site-packages/plotly/io/_orca.py", line 1370, in ensure_server
    """
ValueError: Image generation requires the psutil package.

Install using pip:
    $ pip install psutil

Install using conda:
    $ conda install psutil

2020-09-16 14:47:06,167 Created length plots
2020-09-16 14:47:06,169 NanoPlot:  Creating Read lengths vs Average read quality plots using statistics from 4100 reads.
2020-09-16 14:47:08,090 Created LengthvsQual plot
2020-09-16 14:47:08,090 Writing html report.
2020-09-16 14:47:10,159 Finished!
