2020-09-16 09:07:06,509 NanoPlot 1.32.0 started with arguments Namespace(N50=False, alength=False, bam=None, barcoded=False, color='#4CB391', colormap='Greens', cram=None, downsample=None, dpi=100, drop_outliers=False, fasta=None, fastq=['pass.fq.gz'], fastq_minimal=None, fastq_rich=None, feather=None, font_scale=1, format='png', hide_stats=False, huge=False, listcolormaps=False, listcolors=False, loglength=False, maxlength=None, minlength=None, minqual=None, no_N50=False, no_supplementary=False, outdir='nanoplot', path='nanoplot/', percentqual=False, pickle=None, plots=['kde', 'dot'], prefix='', raw=False, readtype='1D', runtime_until=None, store=False, summary=None, threads=12, title=None, tsv_stats=False, ubam=None, verbose=False)
2020-09-16 09:07:06,509 Python version is: 3.6.11 | packaged by conda-forge | (default, Aug  5 2020, 20:09:42)  [GCC 7.5.0]
2020-09-16 09:07:06,510 NanoPlot:  valid output format png
2020-09-16 09:07:06,525 Nanoget: Starting to collect statistics from plain fastq file.
2020-09-16 09:07:06,526 Nanoget: Decompressing gzipped fastq pass.fq.gz
2020-09-16 09:36:19,857 Reduced DataFrame memory usage from 301.7010040283203Mb to 201.13400268554688Mb
2020-09-16 09:36:21,376 Nanoget: Gathered all metrics of 13181518 reads
2020-09-16 09:36:34,771 Calculated statistics
2020-09-16 09:36:34,776 Using sequenced read lengths for plotting.
2020-09-16 09:36:35,516 NanoPlot:  Valid color #4CB391.
2020-09-16 09:36:35,517 NanoPlot:  Valid colormap Greens.
2020-09-16 09:36:36,181 NanoPlot:  Creating length plots for Read length.
2020-09-16 09:36:36,224 NanoPlot:  Using 13181518 reads maximum of 911328bp.
2020-09-16 09:39:30,455 Nanoplotter: orca not found, not creating static image of html. See https://github.com/plotly/orca
2020-09-16 09:39:30,455 Image generation requires the psutil package.

Install using pip:
    $ pip install psutil

Install using conda:
    $ conda install psutil
Traceback (most recent call last):
  File "/mnt/bai/yongxin/miniconda2/envs/nanoplot/lib/python3.6/site-packages/nanoplotter/plot.py", line 60, in save_static
    pio.write_image(self.fig, self.path.replace('html', 'png'))
  File "/mnt/bai/yongxin/miniconda2/envs/nanoplot/lib/python3.6/site-packages/plotly/io/_kaleido.py", line 251, in write_image
    engine=engine,
  File "/mnt/bai/yongxin/miniconda2/envs/nanoplot/lib/python3.6/site-packages/plotly/io/_kaleido.py", line 108, in to_image
    validate=validate,
  File "/mnt/bai/yongxin/miniconda2/envs/nanoplot/lib/python3.6/site-packages/plotly/io/_orca.py", line 1535, in to_image
    ensure_server()
  File "/mnt/bai/yongxin/miniconda2/envs/nanoplot/lib/python3.6/site-packages/plotly/io/_orca.py", line 1370, in ensure_server
    """
ValueError: Image generation requires the psutil package.

Install using pip:
    $ pip install psutil

Install using conda:
    $ conda install psutil

2020-09-16 09:39:45,212 Created length plots
2020-09-16 09:39:46,013 NanoPlot:  Creating Read lengths vs Average read quality plots using statistics from 13181518 reads.
2020-09-16 09:40:10,902 Created LengthvsQual plot
2020-09-16 09:40:10,903 Writing html report.
2020-09-16 09:40:35,610 Finished!
